<?xml version="1.0" encoding="UTF-8"?>
<!-- Generated by org.testng.reporters.JUnitReportReporter -->
<testsuite hostname="ULTP_434" name="test.NewTest" tests="1" failures="0" timestamp="18 Nov 2018 06:19:18 GMT" time="68.092" errors="0">
  <testcase name="f" time="68.092" classname="test.NewTest"/>
</testsuite> <!-- test.NewTest -->
